[Mon May 28 12:27:27 GMT 2018] [DATA] dataset random sampling epoch 0
[Mon May 28 12:27:28 GMT 2018] [LOSS = 1.0][ACCURACY = 46.5938053479632 %]
[Mon May 28 12:27:46 GMT 2018] [LOSS = 0.5299452313331371][ACCURACY = 85.12246749319625 %]
[Mon May 28 12:28:07 GMT 2018] [LOSS = 0.359389979725153][ACCURACY = 89.66694025659856 %]
[Mon May 28 12:28:33 GMT 2018] [LOSS = 0.3003127819209152][ACCURACY = 90.25875847768802 %]
[Mon May 28 12:29:02 GMT 2018] [LOSS = 0.2654631926120364][ACCURACY = 91.11840684262819 %]
[Mon May 28 12:29:32 GMT 2018] [LOSS = 0.24399268686155304][ACCURACY = 91.87437902285195 %]
[Mon May 28 12:30:06 GMT 2018] [LOSS = 0.2348236324627401][ACCURACY = 91.80094172534452 %]
[Mon May 28 12:30:39 GMT 2018] [LOSS = 0.2254416607300746][ACCURACY = 92.09901075640417 %]
[Mon May 28 12:31:14 GMT 2018] [LOSS = 0.21691399507110212][ACCURACY = 92.27612423862801 %]
[Mon May 28 12:31:49 GMT 2018] [LOSS = 0.21400232726188279][ACCURACY = 92.43595835673247 %]
[Mon May 28 12:32:30 GMT 2018] [LOSS = 0.2083210437882092][ACCURACY = 92.45755756188171 %]
[Mon May 28 12:33:09 GMT 2018] [LOSS = 0.20520525377893303][ACCURACY = 92.52667501835933 %]
[Mon May 28 12:33:51 GMT 2018] [LOSS = 0.2039883409690467][ACCURACY = 92.52235517732947 %]
[Mon May 28 12:34:32 GMT 2018] [LOSS = 0.20200627562694226][ACCURACY = 92.53531470041902 %]
[Mon May 28 12:35:12 GMT 2018] [LOSS = 0.19991875392800493][ACCURACY = 92.58283295174738 %]
  % Total    % Received % Xferd  Average Speed   Time    Time     Time  Current
                                 Dload  Upload   Total   Spent    Left  Speed
  0     0    0     0    0     0      0      0 --:--:-- --:--:-- --:--:--     0  0     0    0     0    0     0      0      0 --:--:-- --:--:-- --:--:--     0  0  554k    0     0    0     0      0      0 --:--:--  0:00:01 --:--:--     0100  554k  100    37  100  554k     16   245k  0:00:02  0:00:02 --:--:--  245k100  554k  100    37  100  554k     16   245k  0:00:02  0:00:02 --:--:--  245k
[Mon May 28 12:35:16 GMT 2018] https://transfer.sh/qjJKt/weights.csv

  % Total    % Received % Xferd  Average Speed   Time    Time     Time  Current
                                 Dload  Upload   Total   Spent    Left  Speed
  0     0    0     0    0     0      0      0 --:--:-- --:--:-- --:--:--     0100   610  100    35  100   575     41    687 --:--:-- --:--:-- --:--:--   729
[Mon May 28 12:35:17 GMT 2018] https://transfer.sh/RBMjp/stats.csv

  % Total    % Received % Xferd  Average Speed   Time    Time     Time  Current
                                 Dload  Upload   Total   Spent    Left  Speed
  0     0    0     0    0     0      0      0 --:--:-- --:--:-- --:--:--     0  0     0    0     0    0     0      0      0 --:--:-- --:--:-- --:--:--     0100  1467  100    43  100  1424     50   1673 --:--:-- --:--:-- --:--:--  1721
[Mon May 28 12:35:17 GMT 2018] https://transfer.sh/4jBM0/filtered_logs.txt

  % Total    % Received % Xferd  Average Speed   Time    Time     Time  Current
                                 Dload  Upload   Total   Spent    Left  Speed
  0     0    0     0    0     0      0      0 --:--:-- --:--:-- --:--:--     0  0  124k    0     0    0     0      0      0 --:--:-- --:--:-- --:--:--     0100  124k  100    38  100  124k     50   165k --:--:-- --:--:-- --:--:--  165k
[Mon May 28 12:35:18 GMT 2018] https://transfer.sh/hGtrq/all_logs.txt

[Mon May 28 12:35:18 GMT 2018] I am done!
