[Mon May 28 20:26:58 GMT 2018] [DATA] dataset random sampling epoch 0
[Mon May 28 20:27:02 GMT 2018] [VAL][LOSS = 1.0][ACCURACY = 46.5938053479632 %]
[Mon May 28 20:27:17 GMT 2018] [TRAIN][LOSS = 0.5642358584589248][ACCURACY = 81.31868131868131 %][BATCH_SIZE = 1001]
[Mon May 28 20:27:23 GMT 2018] [VAL][LOSS = 0.5276769383058859][ACCURACY = 85.59765000647977 %]
[Mon May 28 20:27:44 GMT 2018] [TRAIN][LOSS = 0.26078619586130386][ACCURACY = 92.10000000000001 %][BATCH_SIZE = 1000]
[Mon May 28 20:27:51 GMT 2018] [VAL][LOSS = 0.4050903240963542][ACCURACY = 88.23275303468833 %]
[Mon May 28 20:28:09 GMT 2018] [TRAIN][LOSS = 0.29994145964508273][ACCURACY = 91.3 %][BATCH_SIZE = 1000]
[Mon May 28 20:28:17 GMT 2018] [VAL][LOSS = 0.3326455037948671][ACCURACY = 89.43366884098664 %]
[Mon May 28 20:28:37 GMT 2018] [TRAIN][LOSS = 0.23809517826907006][ACCURACY = 91.80819180819181 %][BATCH_SIZE = 1001]
[Mon May 28 20:28:45 GMT 2018] [VAL][LOSS = 0.2829250388007402][ACCURACY = 90.69074258067303 %]
[Mon May 28 20:29:06 GMT 2018] [TRAIN][LOSS = 0.21686796859231347][ACCURACY = 93.10689310689311 %][BATCH_SIZE = 1001]
[Mon May 28 20:29:15 GMT 2018] [VAL][LOSS = 0.26148516307201747][ACCURACY = 91.25664175558339 %]
[Mon May 28 20:29:38 GMT 2018] [TRAIN][LOSS = 0.2503107969674294][ACCURA<CY = 90.6093906093906 %][BATCH_SIZE = 1001]
[Mon May 28 20:29:48 GMT 2018] [VAL][LOSS = 0.2553671021999211][ACCURACY = 91.12272668365804 %]
[Mon May 28 20:30:11 GMT 2018] [TRAIN][LOSS = 0.20325372652574836][ACCURACY = 93.20679320679321 %][BATCH_SIZE = 1001]
[Mon May 28 20:30:21 GMT 2018] [VAL][LOSS = 0.23975060745524637][ACCURACY = 91.87869886388181 %]
[Mon May 28 20:30:44 GMT 2018] [TRAIN][LOSS = 0.1456863891854293][ACCURACY = 94.8051948051948 %][BATCH_SIZE = 1001]
[Mon May 28 20:30:52 GMT 2018] [VAL][LOSS = 0.22951206212606123][ACCURACY = 91.99101473065792 %]
[Mon May 28 20:31:17 GMT 2018] [TRAIN][LOSS = 0.23268676318869863][ACCURACY = 90.6093906093906 %][BATCH_SIZE = 1001]
[Mon May 28 20:31:28 GMT 2018] [VAL][LOSS = 0.2263418751586648][ACCURACY = 92.18972741803103 %]
[Mon May 28 20:31:53 GMT 2018] [TRAIN][LOSS = 0.2252750802182856][ACCURACY = 91.30869130869131 %][BATCH_SIZE = 1001]
[Mon May 28 20:32:04 GMT 2018] [VAL][LOSS = 0.22187266461491023][ACCURACY = 92.24588535141906 %]
[Mon May 28 20:32:30 GMT 2018] [TRAIN][LOSS = 0.18748754127826148][ACCURACY = 93.3066933066933 %][BATCH_SIZE = 1001]
[Mon May 28 20:32:41 GMT 2018] [VAL][LOSS = 0.21626141194680185][ACCURACY = 92.33660201304592 %]
  % Total    % Received % Xferd  Average Speed   Time    Time     Time  Current
                                 Dload  Upload   Total   Spent    Left  Speed
  0     0    0     0    0     0      0      0 --:--:-- --:--:-- --:--:--     0  0     0    0     0    0     0      0      0 --:--:-- --:--:-- --:--:--     0  0     0    0     0    0     0      0      0 --:--:--  0:00:01 --:--:--     0  0  447k  100    24    0     0     14      0  0:00:01  0:00:01 --:--:--    14
[Mon May 28 20:32:43 GMT 2018] Could not save metadata

  % Total    % Received % Xferd  Average Speed   Time    Time     Time  Current
                                 Dload  Upload   Total   Spent    Left  Speed
  0     0    0     0    0     0      0      0 --:--:-- --:--:-- --:--:--     0  4   483  100    24    0     0     98      0 --:--:-- --:--:-- --:--:--    98
[Mon May 28 20:32:43 GMT 2018] Could not save metadata

  % Total    % Received % Xferd  Average Speed   Time    Time     Time  Current
                                 Dload  Upload   Total   Spent    Left  Speed
  0     0    0     0    0     0      0      0 --:--:-- --:--:-- --:--:--     0  4   495  100    24    0     0    163      0 --:--:-- --:--:-- --:--:--   163
[Mon May 28 20:32:43 GMT 2018] Could not save metadata

  % Total    % Received % Xferd  Average Speed   Time    Time     Time  Current
                                 Dload  Upload   Total   Spent    Left  Speed
  0     0    0     0    0     0      0      0 --:--:-- --:--:-- --:--:--     0  0  2508  100    20    0     0     58      0 --:--:-- --:--:-- --:--:--    57  0  2508  100    20    0     0     57      0 --:--:-- --:--:-- --:--:--    57
[Mon May 28 20:32:43 GMT 2018] Could not save file

  % Total    % Received % Xferd  Average Speed   Time    Time     Time  Current
                                 Dload  Upload   Total   Spent    Left  Speed
  0     0    0     0    0     0      0      0 --:--:-- --:--:-- --:--:--     0  0  3522  100    24    0     0    181      0 --:--:-- --:--:-- --:--:--   181
[Mon May 28 20:32:44 GMT 2018] Could not save metadata

[Mon May 28 20:32:44 GMT 2018] I am done!
