[Mon May 28 11:44:35 GMT 2018] [DATA] dataset random sampling epoch 0
[Mon May 28 11:44:40 GMT 2018] [LOSS = 1.0][ACCURACY = 46.5938053479632 %]
[Mon May 28 11:44:59 GMT 2018] [LOSS = 0.5284891574077514][ACCURACY = 85.22614367791266 %]
[Mon May 28 11:45:24 GMT 2018] [LOSS = 0.3999892155283446][ACCURACY = 88.31914985528533 %]
[Mon May 28 11:45:48 GMT 2018] [LOSS = 0.3313843894611217][ACCURACY = 89.51142597952395 %]
[Mon May 28 11:46:13 GMT 2018] [LOSS = 0.2830761614806699][ACCURACY = 90.73826083200139 %]
[Mon May 28 11:46:38 GMT 2018] [LOSS = 0.26137883595400224][ACCURACY = 91.2912004838222 %]
[Mon May 28 11:47:07 GMT 2018] [LOSS = 0.2542648255684395][ACCURACY = 91.19184414013564 %]
[Mon May 28 11:47:35 GMT 2018] [LOSS = 0.23954489730674725][ACCURACY = 91.844140135643 %]
[Mon May 28 11:48:04 GMT 2018] [LOSS = 0.22924495759389105][ACCURACY = 92.02557345889672 %]
[Mon May 28 11:48:34 GMT 2018] [LOSS = 0.22625864713513813][ACCURACY = 92.27180439759817 %]
[Mon May 28 11:49:08 GMT 2018] [LOSS = 0.221906308438511][ACCURACY = 92.28044407965787 %]
[Mon May 28 11:49:39 GMT 2018] [LOSS = 0.21619417162042973][ACCURACY = 92.35388137716532 %]
[Mon May 28 11:50:13 GMT 2018] [LOSS = 0.2130773151760988][ACCURACY = 92.27180439759817 %]
[Mon May 28 11:50:47 GMT 2018] [LOSS = 0.2116156241240995][ACCURACY = 92.27180439759817 %]
[Mon May 28 11:51:20 GMT 2018] [LOSS = 0.2086787439247662][ACCURACY = 92.38412026437427 %]
[Mon May 28 11:51:57 GMT 2018] [LOSS = 0.20727666476376583][ACCURACY = 92.37548058231457 %]
[Mon May 28 11:52:31 GMT 2018] [LOSS = 0.20548041814716297][ACCURACY = 92.52667501835933 %]
[Mon May 28 11:53:07 GMT 2018] [LOSS = 0.2043870156265227][ACCURACY = 92.47483692600113 %]
[Mon May 28 11:53:43 GMT 2018] [LOSS = 0.20476483959363595][ACCURACY = 92.36684090025487 %]
[Mon May 28 11:54:19 GMT 2018] [LOSS = 0.20293970240306977][ACCURACY = 92.67786945440409 %]
[Mon May 28 11:54:56 GMT 2018] [LOSS = 0.2022245019388703][ACCURACY = 92.49211629012052 %]
[Mon May 28 11:55:34 GMT 2018] [LOSS = 0.20123543639330402][ACCURACY = 92.53099485938917 %]
[Mon May 28 11:56:13 GMT 2018] [LOSS = 0.2008509549865781][ACCURACY = 92.44459803879217 %]
[Mon May 28 11:56:51 GMT 2018] [LOSS = 0.19710054693766482][ACCURACY = 92.63035120307572 %]
  % Total    % Received % Xferd  Average Speed   Time    Time     Time  Current
                                 Dload  Upload   Total   Spent    Left  Speed
  0     0    0     0    0     0      0      0 --:--:-- --:--:-- --:--:--     0  0  526k    0     0    0     0      0      0 --:--:-- --:--:-- --:--:--     0100  526k  100    37  100  526k     40   580k --:--:-- --:--:-- --:--:--  580k
[Mon May 28 11:56:52 GMT 2018] https://transfer.sh/s4rgU/weights.csv

  % Total    % Received % Xferd  Average Speed   Time    Time     Time  Current
                                 Dload  Upload   Total   Spent    Left  Speed
  0     0    0     0    0     0      0      0 --:--:-- --:--:-- --:--:--     0  0   929    0     0    0     0      0      0 --:--:-- --:--:-- --:--:--     0100   964  100    35  100   929     48   1276 --:--:-- --:--:-- --:--:--  1322
[Mon May 28 11:56:53 GMT 2018] https://transfer.sh/a277J/stats.csv

  % Total    % Received % Xferd  Average Speed   Time    Time     Time  Current
                                 Dload  Upload   Total   Spent    Left  Speed
  0     0    0     0    0     0      0      0 --:--:-- --:--:-- --:--:--     0  0  2245    0     0    0     0      0      0 --:--:-- --:--:-- --:--:--     0100  2289  100    44  100  2245     63   3258 --:--:-- --:--:-- --:--:--  3317
[Mon May 28 11:56:54 GMT 2018] https://transfer.sh/15aWG7/filtered_logs.txt

  % Total    % Received % Xferd  Average Speed   Time    Time     Time  Current
                                 Dload  Upload   Total   Spent    Left  Speed
  0     0    0     0    0     0      0      0 --:--:-- --:--:-- --:--:--     0100  3553  100    38  100  3515     61   5687 --:--:-- --:--:-- --:--:--  5749
[Mon May 28 11:56:54 GMT 2018] https://transfer.sh/iC6yi/all_logs.txt

[Mon May 28 11:56:54 GMT 2018] I am done!
