[Mon May 28 10:22:16 GMT 2018] [DATA] dataset random sampling epoch 0
[Mon May 28 10:22:17 GMT 2018] [LOSS = 1.0][ACCURACY = 46.5938053479632 %]
[Mon May 28 10:22:36 GMT 2018] [LOSS = 0.5281188313134513][ACCURACY = 85.273661929241 %]
[Mon May 28 10:22:58 GMT 2018] [LOSS = 0.3979092551039122][ACCURACY = 88.42714588103158 %]
[Mon May 28 10:23:23 GMT 2018] [LOSS = 0.3310074226928005][ACCURACY = 89.51142597952395 %]
[Mon May 28 10:23:50 GMT 2018] [LOSS = 0.28293468448292036][ACCURACY = 90.76849971921034 %]
[Mon May 28 10:24:16 GMT 2018] [LOSS = 0.2615032707892099][ACCURACY = 91.2480020735237 %]
[Mon May 28 10:24:48 GMT 2018] [LOSS = 0.2541023016187198][ACCURACY = 91.19184414013564 %]
[Mon May 28 10:25:20 GMT 2018] [LOSS = 0.23964855257274661][ACCURACY = 91.844140135643 %]
[Mon May 28 10:25:53 GMT 2018] [LOSS = 0.22671913482478512][ACCURACY = 92.00829409477731 %]
[Mon May 28 10:26:30 GMT 2018] [LOSS = 0.22235106292411586][ACCURACY = 92.27180439759817 %]
[Mon May 28 10:27:09 GMT 2018] [LOSS = 0.21461784839248743][ACCURACY = 92.36684090025487 %]
[Mon May 28 10:27:49 GMT 2018] [LOSS = 0.21211089489976953][ACCURACY = 92.36684090025487 %]
[Mon May 28 10:28:29 GMT 2018] [LOSS = 0.2080636236689394][ACCURACY = 92.40571946952352 %]
[Mon May 28 10:29:09 GMT 2018] [LOSS = 0.20602328189723787][ACCURACY = 92.48347660806083 %]
[Mon May 28 10:29:50 GMT 2018] [LOSS = 0.2040633589917901][ACCURACY = 92.53099485938917 %]
[Mon May 28 10:30:34 GMT 2018] [LOSS = 0.2030610040192386][ACCURACY = 92.61739167998617 %]
[Mon May 28 10:31:14 GMT 2018] [LOSS = 0.20003960915358718][ACCURACY = 92.75994643397124 %]
[Mon May 28 10:31:55 GMT 2018] [LOSS = 0.19910355958444367][ACCURACY = 92.63467104410557 %]
  % Total    % Received % Xferd  Average Speed   Time    Time     Time  Current
                                 Dload  Upload   Total   Spent    Left  Speed
  0     0    0     0    0     0      0      0 --:--:-- --:--:-- --:--:--     0  0  536k    0     0    0     0      0      0 --:--:-- --:--:-- --:--:--     0100  536k  100    37  100  536k     40   584k --:--:-- --:--:-- --:--:--  584k
[Mon May 28 10:31:56 GMT 2018] https://transfer.sh/BcJl4/weights.csv

  % Total    % Received % Xferd  Average Speed   Time    Time     Time  Current
                                 Dload  Upload   Total   Spent    Left  Speed
  0     0    0     0    0     0      0      0 --:--:-- --:--:-- --:--:--     0100   731  100    36  100   695     53   1040 --:--:-- --:--:-- --:--:--  1092100   731  100    36  100   695     53   1038 --:--:-- --:--:-- --:--:--  1092
[Mon May 28 10:31:56 GMT 2018] https://transfer.sh/16b6Xa/stats.csv

  % Total    % Received % Xferd  Average Speed   Time    Time     Time  Current
                                 Dload  Upload   Total   Spent    Left  Speed
  0     0    0     0    0     0      0      0 --:--:-- --:--:-- --:--:--     0  0  1696    0     0    0     0      0      0 --:--:-- --:--:-- --:--:--     0100  1739  100    43  100  1696     40   1580  0:00:01  0:00:01 --:--:--  1620
[Mon May 28 10:31:57 GMT 2018] https://transfer.sh/NQkCa/filtered_logs.txt

  % Total    % Received % Xferd  Average Speed   Time    Time     Time  Current
                                 Dload  Upload   Total   Spent    Left  Speed
  0     0    0     0    0     0      0      0 --:--:-- --:--:-- --:--:--     0100  8121  100    38  100  8083     66  14057 --:--:-- --:--:-- --:--:-- 14123
[Mon May 28 10:31:58 GMT 2018] https://transfer.sh/e1YN9/all_logs.txt

[Mon May 28 10:31:58 GMT 2018] I am done!
