May 28, 2018 10:34:17 AM io.grpc.internal.ManagedChannelImpl$NameResolverListenerImpl onError
WARNING: [io.grpc.internal.ManagedChannelImpl-1] Failed to resolve name. status=Status{code=UNAVAILABLE, description=Unable to resolve host hogwild-pod-1.statefulset-service, cause=java.net.UnknownHostException: hogwild-pod-1.statefulset-service: Name does not resolve
	at java.net.Inet4AddressImpl.lookupAllHostAddr(Native Method)
	at java.net.InetAddress$2.lookupAllHostAddr(InetAddress.java:928)
	at java.net.InetAddress.getAddressesFromNameService(InetAddress.java:1323)
	at java.net.InetAddress.getAllByName0(InetAddress.java:1276)
	at java.net.InetAddress.getAllByName(InetAddress.java:1192)
	at java.net.InetAddress.getAllByName(InetAddress.java:1126)
	at io.grpc.internal.DnsNameResolver$JdkResolver.resolve(DnsNameResolver.java:361)
	at io.grpc.internal.DnsNameResolver$1.run(DnsNameResolver.java:172)
	at java.util.concurrent.ThreadPoolExecutor.runWorker(ThreadPoolExecutor.java:1149)
	at java.util.concurrent.ThreadPoolExecutor$Worker.run(ThreadPoolExecutor.java:624)
	at java.lang.Thread.run(Thread.java:748)
}
[Mon May 28 10:34:17 GMT 2018] [DATA] dataset random sampling epoch 0
[Mon May 28 10:34:22 GMT 2018] [LOSS = 1.0][ACCURACY = 46.5938053479632 %]
[Mon May 28 10:34:48 GMT 2018] [LOSS = 0.5288647642813091][ACCURACY = 85.3427793857186 %]
[Mon May 28 10:35:12 GMT 2018] [LOSS = 0.380839131820438][ACCURACY = 88.56970063501663 %]
[Mon May 28 10:35:40 GMT 2018] [LOSS = 0.3018424464643044][ACCURACY = 90.38835370858352 %]
[Mon May 28 10:36:06 GMT 2018] [LOSS = 0.2612573389545033][ACCURACY = 91.17456477601624 %]
[Mon May 28 10:36:37 GMT 2018] [LOSS = 0.2439857677213875][ACCURACY = 91.5503909456132 %]
[Mon May 28 10:37:09 GMT 2018] [LOSS = 0.23821196466201006][ACCURACY = 91.59790919694156 %]
[Mon May 28 10:37:42 GMT 2018] [LOSS = 0.2278933895346377][ACCURACY = 91.90029806903107 %]
[Mon May 28 10:38:16 GMT 2018] [LOSS = 0.21671172826324486][ACCURACY = 92.10765043846386 %]
[Mon May 28 10:38:51 GMT 2018] [LOSS = 0.21653973734624238][ACCURACY = 92.09469091537431 %]
[Mon May 28 10:39:30 GMT 2018] [LOSS = 0.2093458860900007][ACCURACY = 92.31500280789668 %]
[Mon May 28 10:40:10 GMT 2018] [LOSS = 0.20593402948430323][ACCURACY = 92.42299883364292 %]
[Mon May 28 10:40:48 GMT 2018] [LOSS = 0.2046879491361354][ACCURACY = 92.37116074128473 %]
[Mon May 28 10:41:27 GMT 2018] [LOSS = 0.20228624331921666][ACCURACY = 92.45323772085187 %]
[Mon May 28 10:42:08 GMT 2018] [LOSS = 0.20130052073810273][ACCURACY = 92.33660201304592 %]
[Mon May 28 10:42:51 GMT 2018] [LOSS = 0.20125379344850702][ACCURACY = 92.32364248995637 %]
[Mon May 28 10:43:35 GMT 2018] [LOSS = 0.19784531445697273][ACCURACY = 92.49643613115038 %]
  % Total    % Received % Xferd  Average Speed   Time    Time     Time  Current
                                 Dload  Upload   Total   Spent    Left  Speed
  0     0    0     0    0     0      0      0 --:--:-- --:--:-- --:--:--     0  0     0    0     0    0     0      0      0 --:--:-- --:--:-- --:--:--     0100  552k  100    37  100  552k     34   513k  0:00:01  0:00:01 --:--:--  513k
[Mon May 28 10:43:36 GMT 2018] https://transfer.sh/T98WH/weights.csv

  % Total    % Received % Xferd  Average Speed   Time    Time     Time  Current
                                 Dload  Upload   Total   Spent    Left  Speed
  0     0    0     0    0     0      0      0 --:--:-- --:--:-- --:--:--     0  0     0    0     0    0     0      0      0 --:--:-- --:--:-- --:--:--     0100   689  100    35  100   654     53    996 --:--:-- --:--:-- --:--:--  1048
[Mon May 28 10:43:37 GMT 2018] https://transfer.sh/wAJzt/stats.csv

  % Total    % Received % Xferd  Average Speed   Time    Time     Time  Current
                                 Dload  Upload   Total   Spent    Left  Speed
  0     0    0     0    0     0      0      0 --:--:-- --:--:-- --:--:--     0  0  1606    0     0    0     0      0      0 --:--:-- --:--:-- --:--:--     0100  1649  100    43  100  1606     33   1234  0:00:01  0:00:01 --:--:--  1267
[Mon May 28 10:43:38 GMT 2018] https://transfer.sh/tjiLM/filtered_logs.txt

  % Total    % Received % Xferd  Average Speed   Time    Time     Time  Current
                                 Dload  Upload   Total   Spent    Left  Speed
  0     0    0     0    0     0      0      0 --:--:-- --:--:-- --:--:--     0  0     0    0     0    0     0      0      0 --:--:-- --:--:-- --:--:--     0100 15796  100    38  100 15758     55  23139 --:--:-- --:--:-- --:--:-- 23161
[Mon May 28 10:43:39 GMT 2018] https://transfer.sh/ubNsU/all_logs.txt

[Mon May 28 10:43:39 GMT 2018] I am done!
